# JRE version: Java(TM) SE Runtime Environment (8.0_172-b11) (build 1.8.0_172-b11)
# Java VM: Java HotSpot(TM) 64-Bit Server VM (25.172-b11 mixed mode windows-amd64 compressed oops)
Heap:
 PSYoungGen      total 57344K, used 56792K [0x0000000780780000, 0x0000000784780000, 0x00000007c0000000)
  eden space 49152K, 99% used [0x0000000780780000,0x000000078371e048,0x0000000783780000)
  from space 8192K, 98% used [0x0000000783780000,0x0000000783f58000,0x0000000783f80000)
  to   space 8192K, 0% used [0x0000000783f80000,0x0000000783f80000,0x0000000784780000)
 ParOldGen       total 131072K, used 24K [0x0000000701600000, 0x0000000709600000, 0x0000000780780000)
  object space 131072K, 0% used [0x0000000701600000,0x0000000701606000,0x0000000709600000)
 Metaspace       used 13057K, capacity 13346K, committed 13440K, reserved 1060864K
  class space    used 1557K, capacity 1623K, committed 1664K, reserved 1048576K
GC Heap History (6 events):
Event: 3.959 GC heap before
{Heap before GC invocations=1 (full 0):
 PSYoungGen      total 57344K, used 49152K [0x0000000780780000, 0x0000000784780000, 0x00000007c0000000)
  eden space 49152K, 100% used [0x0000000780780000,0x0000000783780000,0x0000000783780000)
  from space 8192K, 0% used [0x0000000783f80000,0x0000000783f80000,0x0000000784780000)
  to   space 8192K, 0% used [0x0000000783780000,0x0000000783780000,0x0000000783f80000)
 ParOldGen       total 131072K, used 0K [0x0000000701600000, 0x0000000709600000, 0x0000000780780000)
  object space 131072K, 0% used [0x0000000701600000,0x0000000701600000,0x0000000709600000)
 Metaspace       used 9681K, capacity 9864K, committed 10112K, reserved 1058816K
  class space    used 1243K, capacity 1281K, committed 1408K, reserved 1048576K
Event: 3.973 GC heap after
Heap after GC invocations=1 (full 0):
 PSYoungGen      total 57344K, used 6874K [0x0000000780780000, 0x0000000784780000, 0x00000007c0000000)
  eden space 49152K, 0% used [0x0000000780780000,0x0000000780780000,0x0000000783780000)
  from space 8192K, 83% used [0x0000000783780000,0x0000000783e36ba0,0x0000000783f80000)
  to   space 8192K, 0% used [0x0000000783f80000,0x0000000783f80000,0x0000000784780000)
 ParOldGen       total 131072K, used 8K [0x0000000701600000, 0x0000000709600000, 0x0000000780780000)
  object space 131072K, 0% used [0x0000000701600000,0x0000000701602000,0x0000000709600000)
 Metaspace       used 9681K, capacity 9864K, committed 10112K, reserved 1058816K
  class space    used 1243K, capacity 1281K, committed 1408K, reserved 1048576K
}
Event: 9.591 GC heap before
{Heap before GC invocations=2 (full 0):
 PSYoungGen      total 57344K, used 56026K [0x0000000780780000, 0x0000000784780000, 0x00000007c0000000)
  eden space 49152K, 100% used [0x0000000780780000,0x0000000783780000,0x0000000783780000)
  from space 8192K, 83% used [0x0000000783780000,0x0000000783e36ba0,0x0000000783f80000)
  to   space 8192K, 0% used [0x0000000783f80000,0x0000000783f80000,0x0000000784780000)
 ParOldGen       total 131072K, used 8K [0x0000000701600000, 0x0000000709600000, 0x0000000780780000)
  object space 131072K, 0% used [0x0000000701600000,0x0000000701602000,0x0000000709600000)
 Metaspace       used 12619K, capacity 12918K, committed 13184K, reserved 1060864K
  class space    used 1533K, capacity 1614K, committed 1664K, reserved 1048576K
Event: 9.609 GC heap after
Heap after GC invocations=2 (full 0):
 PSYoungGen      total 57344K, used 7308K [0x0000000780780000, 0x0000000784780000, 0x00000007c0000000)
  eden space 49152K, 0% used [0x0000000780780000,0x0000000780780000,0x0000000783780000)
  from space 8192K, 89% used [0x0000000783f80000,0x00000007846a30b0,0x0000000784780000)
  to   space 8192K, 0% used [0x0000000783780000,0x0000000783780000,0x0000000783f80000)
 ParOldGen       total 131072K, used 16K [0x0000000701600000, 0x0000000709600000, 0x0000000780780000)
  object space 131072K, 0% used [0x0000000701600000,0x0000000701604000,0x0000000709600000)
 Metaspace       used 12619K, capacity 12918K, committed 13184K, reserved 1060864K
  class space    used 1533K, capacity 1614K, committed 1664K, reserved 1048576K
}
Event: 12.564 GC heap before
{Heap before GC invocations=3 (full 0):
 PSYoungGen      total 57344K, used 56460K [0x0000000780780000, 0x0000000784780000, 0x00000007c0000000)
  eden space 49152K, 100% used [0x0000000780780000,0x0000000783780000,0x0000000783780000)
  from space 8192K, 89% used [0x0000000783f80000,0x00000007846a30b0,0x0000000784780000)
  to   space 8192K, 0% used [0x0000000783780000,0x0000000783780000,0x0000000783f80000)
 ParOldGen       total 131072K, used 16K [0x0000000701600000, 0x0000000709600000, 0x0000000780780000)
  object space 131072K, 0% used [0x0000000701600000,0x0000000701604000,0x0000000709600000)
 Metaspace       used 12731K, capacity 13060K, committed 13184K, reserved 1060864K
  class space    used 1537K, capacity 1618K, committed 1664K, reserved 1048576K
Event: 12.599 GC heap after
Heap after GC invocations=3 (full 0):
 PSYoungGen      total 57344K, used 8032K [0x0000000780780000, 0x0000000784780000, 0x00000007c0000000)
  eden space 49152K, 0% used [0x0000000780780000,0x0000000780780000,0x0000000783780000)
  from space 8192K, 98% used [0x0000000783780000,0x0000000783f58000,0x0000000783f80000)
  to   space 8192K, 0% used [0x0000000783f80000,0x0000000783f80000,0x0000000784780000)
 ParOldGen       total 131072K, used 24K [0x0000000701600000, 0x0000000709600000, 0x0000000780780000)
  object space 131072K, 0% used [0x0000000701600000,0x0000000701606000,0x0000000709600000)
 Metaspace       used 12731K, capacity 13060K, committed 13184K, reserved 1060864K
  class space    used 1537K, capacity 1618K, committed 1664K, reserved 1048576K
}

